[19Apr2025 00:03:43.554] [Server thread/INFO] [net.minecraft.server.MinecraftServer/]: DestroyMarce7 was slain by AronTR
[19Apr2025 00:03:43.566] [Server thread/INFO] [tombstone/]: The player DestroyMarce7 has successfully been saved
[19Apr2025 00:04:03.951] [Server thread/INFO] [net.minecraft.server.MinecraftServer/]: AronTR withered away
[19Apr2025 00:04:03.954] [Server thread/INFO] [tombstone/]: The player AronTR has successfully been saved
[19Apr2025 00:04:08.352] [Server thread/INFO] [net.minecraft.server.MinecraftServer/]: DestroyMarce7 has reached the goal [Bone Crusher]
[19Apr2025 00:06:46.603] [Server thread/INFO] [net.minecraft.world.entity.LivingEntity/]: Named entity Skeleton['Dinnerbone'/58024, l='ServerLevel[world]', x=1009.86, y=95.01, z=-12.72] died: Dinnerbone was shot by Dinnerbone
[19Apr2025 00:07:00.550] [Server thread/INFO] [net.minecraft.world.entity.LivingEntity/]: Named entity Skeleton['Dinnerbone'/57490, l='ServerLevel[world]', x=988.62, y=95.01, z=-3.33] died: Dinnerbone was shot by Dinnerbone
[19Apr2025 00:07:24.150] [Server thread/INFO] [net.minecraft.world.entity.LivingEntity/]: Named entity Skeleton['Dinnerbone'/57618, l='ServerLevel[world]', x=994.07, y=95.01, z=-4.14] died: Dinnerbone was shot by Dinnerbone
[19Apr2025 00:09:40.176] [Server thread/INFO] [net.minecraft.server.MinecraftServer/]: [Not Secure] <DestroyMarce7> si no me escucas fui a traer jugo
[19Apr2025 00:11:30.909] [Server thread/INFO] [net.minecraft.server.MinecraftServer/]: [Not Secure] <DestroyMarce7> ferry ?}
[19Apr2025 00:15:29.709] [Server thread/INFO] [net.minecraft.server.MinecraftServer/]: AronTR has made the advancement [Knowledge raises the soul]
[19Apr2025 00:16:32.886] [Server thread/INFO] [net.minecraft.world.entity.LivingEntity/]: Named entity Skeleton['Dinnerbone'/57574, l='ServerLevel[world]', x=989.29, y=95.01, z=-5.14] died: Dinnerbone was slain by AronTR
[19Apr2025 00:16:51.152] [Server thread/INFO] [net.minecraft.world.entity.LivingEntity/]: Named entity Skeleton['Dinnerbone'/57531, l='ServerLevel[world]', x=985.30, y=93.01, z=1.70] died: Dinnerbone was slain by AronTR
[19Apr2025 00:16:57.280] [Server thread/INFO] [net.minecraft.world.entity.LivingEntity/]: Named entity Skeleton['Dinnerbone'/57489, l='ServerLevel[world]', x=986.34, y=95.01, z=-1.57] died: Dinnerbone was slain by AronTR
[19Apr2025 00:17:03.185] [Server thread/INFO] [net.minecraft.world.entity.LivingEntity/]: Named entity Skeleton['Dinnerbone'/57265, l='ServerLevel[world]', x=987.78, y=95.01, z=2.70] died: Dinnerbone was slain by AronTR
[19Apr2025 00:18:10.598] [Server thread/INFO] [net.minecraft.server.MinecraftServer/]: DestroyMarce7 was slain by Wither Skeleton
[19Apr2025 00:18:10.609] [Server thread/INFO] [tombstone/]: The player DestroyMarce7 has successfully been saved
[19Apr2025 00:20:57.105] [Server thread/INFO] [net.minecraft.server.MinecraftServer/]: AronTR was slain by Wither Skeleton
[19Apr2025 00:20:57.109] [Server thread/INFO] [com.tiviacz.travelersbackpack.TravelersBackpack/]: Created new backpack backup file for AronTR with unique ID travelersbackpack.standard_19.04.2025-00.20.57.dat
[19Apr2025 00:20:57.116] [Server thread/INFO] [tombstone/]: The player AronTR has successfully been saved
[19Apr2025 00:20:57.905] [Server thread/INFO] [net.minecraft.world.entity.LivingEntity/]: Named entity Skeleton['Dinnerbone'/59097, l='ServerLevel[world]', x=1004.58, y=111.01, z=-17.37] died: Dinnerbone was shot by Dinnerbone
[19Apr2025 00:24:16.707] [Server thread/INFO] [net.minecraft.server.MinecraftServer/]: DestroyMarce7 withered away whilst fighting Wither Skeleton
[19Apr2025 00:24:16.709] [Server thread/INFO] [tombstone/]: The player DestroyMarce7 has successfully been saved
[19Apr2025 00:24:20.506] [Server thread/INFO] [net.minecraft.server.MinecraftServer/]: AronTR withered away whilst fighting Wither Skeleton
[19Apr2025 00:24:20.510] [Server thread/INFO] [com.tiviacz.travelersbackpack.TravelersBackpack/]: Created new backpack backup file for AronTR with unique ID travelersbackpack.standard_19.04.2025-00.24.20.dat
[19Apr2025 00:24:20.513] [Server thread/INFO] [tombstone/]: The player AronTR has successfully been saved
[19Apr2025 00:24:21.872] [Server thread/INFO] [net.minecraft.server.MinecraftServer/]: AronTR has made the advancement [The Most Useful Key]
[19Apr2025 00:24:30.903] [Server thread/INFO] [net.minecraft.server.MinecraftServer/]: AronTR has reached the goal [A Fast Comeback]
[19Apr2025 00:25:39.981] [Server thread/INFO] [net.minecraft.server.MinecraftServer/]: AronTR has made the advancement [Not even afraid of death]
[19Apr2025 00:25:39.981] [Server thread/INFO] [net.minecraft.server.MinecraftServer/]: AronTR has made the advancement [Back to childhood]
[19Apr2025 00:28:12.250] [Server thread/INFO] [net.minecraft.server.MinecraftServer/]: DestroyMarce7 was slain by Wither Skeleton
[19Apr2025 00:28:12.256] [Server thread/INFO] [tombstone/]: The player DestroyMarce7 has successfully been saved
[19Apr2025 00:28:53.615] [Server thread/INFO] [net.minecraft.server.MinecraftServer/]: DestroyMarce7 has made the advancement [Your First Receptacle]
[19Apr2025 00:29:12.210] [Server thread/INFO] [net.minecraft.server.MinecraftServer/]: AronTR withered away whilst fighting Wither Skeleton
[19Apr2025 00:29:12.215] [Server thread/INFO] [com.tiviacz.travelersbackpack.TravelersBackpack/]: Created new backpack backup file for AronTR with unique ID travelersbackpack.standard_19.04.2025-00.29.12.dat
[19Apr2025 00:29:12.218] [Server thread/INFO] [tombstone/]: The player AronTR has successfully been saved
[19Apr2025 00:29:19.051] [Server thread/INFO] [net.minecraft.world.entity.LivingEntity/]: Named entity Skeleton['Dinnerbone'/60948, l='ServerLevel[world]', x=1006.36, y=127.01, z=-21.80] died: Dinnerbone was shot by Dinnerbone
[19Apr2025 00:30:47.801] [Server thread/INFO] [net.minecraft.world.entity.LivingEntity/]: Named entity Skeleton['Dinnerbone'/61760, l='ServerLevel[world]', x=1001.66, y=127.01, z=-31.65] died: Dinnerbone was shot by Dinnerbone
[19Apr2025 00:32:41.803] [Server thread/INFO] [net.minecraft.server.network.ServerGamePacketListenerImpl/]: AronTR lost connection: Timed out
[19Apr2025 00:32:41.804] [Server thread/INFO] [net.minecraft.server.MinecraftServer/]: AronTR left the game
[19Apr2025 00:32:41.851] [Server thread/WARN] [net.minecraft.network.Connection/]: handleDisconnection() called twice
[19Apr2025 00:32:45.847] [Server thread/INFO] [net.minecraft.world.entity.LivingEntity/]: Named entity Skeleton['Dinnerbone'/61758, l='ServerLevel[world]', x=999.30, y=127.01, z=-21.79] died: Dinnerbone was slain by Dinnerbone
[19Apr2025 00:32:57.517] [Server thread/INFO] [net.minecraft.server.players.PlayerList/]: AronTR[/127.82.248.53:46877] logged in with entity id 62503 at (1007.8896665988422, 115.0625, -19.007478992281587)
[19Apr2025 00:32:57.535] [Server thread/INFO] [net.minecraft.server.MinecraftServer/]: AronTR joined the game
[19Apr2025 00:32:57.595] [Server thread/INFO] [net.minecraft.server.MinecraftServer/]: Thank you for playing with ---Arthys' RPG Armory---. You may be playing on an outdated mod so be sure to check for updates regularly on Curseforge and Modrinth [This message can be disabled via gamerule displayUpdateText] .
[19Apr2025 00:34:47.455] [Server thread/INFO] [net.minecraft.world.entity.LivingEntity/]: Named entity Skeleton['Dinnerbone'/61110, l='ServerLevel[world]', x=982.51, y=127.01, z=-15.17] died: Dinnerbone was shot by Dinnerbone
[19Apr2025 00:35:39.555] [Server thread/INFO] [net.minecraft.world.entity.LivingEntity/]: Named entity Skeleton['Dinnerbone'/61538, l='ServerLevel[world]', x=986.35, y=127.01, z=-10.30] died: Dinnerbone was shot by Dinnerbone
[19Apr2025 00:36:24.403] [Server thread/INFO] [net.minecraft.world.entity.LivingEntity/]: Named entity Skeleton['Dinnerbone'/62787, l='ServerLevel[world]', x=987.30, y=125.01, z=3.70] died: Dinnerbone was slain by AronTR
[19Apr2025 00:36:49.452] [Server thread/INFO] [net.minecraft.world.entity.LivingEntity/]: Named entity Skeleton['Dinnerbone'/61535, l='ServerLevel[world]', x=991.28, y=127.01, z=1.50] died: Dinnerbone was shot by Dinnerbone
[19Apr2025 00:37:49.255] [Server thread/INFO] [net.minecraft.server.MinecraftServer/]: DestroyMarce7 withered away
[19Apr2025 00:37:49.258] [Server thread/INFO] [tombstone/]: The player DestroyMarce7 has successfully been saved
[19Apr2025 00:38:16.154] [Server thread/INFO] [net.minecraft.server.MinecraftServer/]: AronTR has made the advancement [Spooky Scary Skeleton]
[19Apr2025 00:40:24.553] [Server thread/INFO] [net.minecraft.server.MinecraftServer/]: DestroyMarce7 withered away
[19Apr2025 00:40:24.556] [Server thread/INFO] [tombstone/]: The player DestroyMarce7 has successfully been saved
[19Apr2025 00:42:04.058] [Server thread/INFO] [net.minecraft.server.MinecraftServer/]: DestroyMarce7 has made the advancement [Spooky Scary Skeleton]
[19Apr2025 00:44:02.452] [Server thread/WARN] [net.minecraft.server.network.ServerGamePacketListenerImpl/]: DestroyMarce7 moved wrongly!
[19Apr2025 00:44:39.204] [Server thread/INFO] [net.minecraft.server.MinecraftServer/]: DestroyMarce7 was slain by Wither Skeleton
[19Apr2025 00:44:39.208] [Server thread/INFO] [tombstone/]: The player DestroyMarce7 has successfully been saved
[19Apr2025 00:46:31.749] [Server thread/INFO] [net.minecraft.server.MinecraftServer/]: DestroyMarce7 was slain by Wither Skeleton
[19Apr2025 00:46:31.759] [Server thread/INFO] [com.tiviacz.travelersbackpack.TravelersBackpack/]: Created new backpack backup file for DestroyMarce7 with unique ID travelersbackpack.standard_19.04.2025-00.46.31.dat
[19Apr2025 00:46:31.772] [Server thread/INFO] [tombstone/]: The player DestroyMarce7 has successfully been saved
[19Apr2025 00:47:29.802] [Server thread/INFO] [net.minecraft.server.network.ServerGamePacketListenerImpl/]: DestroyMarce7 lost connection: Timed out
[19Apr2025 00:47:29.802] [Server thread/INFO] [net.minecraft.server.MinecraftServer/]: DestroyMarce7 left the game
[19Apr2025 00:47:56.003] [Server thread/INFO] [net.minecraft.server.network.ServerLoginPacketListenerImpl/]: com.mojang.authlib.GameProfile@799476be[id=<null>,name=DestroyMarce7,properties={},legacy=false] (/127.110.79.149:45045) lost connection: Disconnected
[19Apr2025 00:48:00.903] [Server thread/INFO] [net.minecraft.server.network.ServerLoginPacketListenerImpl/]: com.mojang.authlib.GameProfile@f2e2cfc[id=<null>,name=DestroyMarce7,properties={},legacy=false] (/127.110.79.149:49269) lost connection: Disconnected
[19Apr2025 00:48:35.159] [Server thread/INFO] [net.minecraft.server.network.ServerLoginPacketListenerImpl/]: com.mojang.authlib.GameProfile@7ce437ef[id=<null>,name=DestroyMarce7,properties={},legacy=false] (/127.110.79.149:44605) lost connection: Disconnected
[19Apr2025 00:49:23.565] [Server thread/INFO] [net.minecraft.server.players.PlayerList/]: DestroyMarce7[/127.110.79.149:43863] logged in with entity id 64913 at (1018.5, 76.0, -20.5)
[19Apr2025 00:49:23.581] [Server thread/INFO] [net.minecraft.server.MinecraftServer/]: DestroyMarce7 joined the game
[19Apr2025 00:49:23.632] [Server thread/INFO] [net.minecraft.server.MinecraftServer/]: Thank you for playing with ---Arthys' RPG Armory---. You may be playing on an outdated mod so be sure to check for updates regularly on Curseforge and Modrinth [This message can be disabled via gamerule displayUpdateText] .
[19Apr2025 00:53:33.202] [Server thread/INFO] [net.minecraft.server.MinecraftServer/]: AronTR withered away whilst fighting Wither Skeleton
[19Apr2025 00:53:33.207] [Server thread/INFO] [com.tiviacz.travelersbackpack.TravelersBackpack/]: Created new backpack backup file for AronTR with unique ID travelersbackpack.standard_19.04.2025-00.53.33.dat
[19Apr2025 00:53:33.211] [Server thread/INFO] [tombstone/]: The player AronTR has successfully been saved
[19Apr2025 00:53:33.435] [Netty Epoll Server IO #3/ERROR] [net.bettercombat.network.ServerNetwork/]: Server handling Packets.C2S_AttackRequest - No current attack hand!
[19Apr2025 00:53:33.435] [Netty Epoll Server IO #3/ERROR] [net.bettercombat.network.ServerNetwork/]: Combo count: 6 is dual wielding: false
[19Apr2025 00:53:33.435] [Netty Epoll Server IO #3/ERROR] [net.bettercombat.network.ServerNetwork/]: Main-hand stack: 0 air
[19Apr2025 00:53:33.436] [Netty Epoll Server IO #3/ERROR] [net.bettercombat.network.ServerNetwork/]: Off-hand stack: 0 air
[19Apr2025 00:53:33.436] [Netty Epoll Server IO #3/ERROR] [net.bettercombat.network.ServerNetwork/]: Selected slot server: 0 | client: 0
[19Apr2025 01:03:19.807] [Server thread/INFO] [net.minecraft.world.entity.LivingEntity/]: Named entity Skeleton['Dinnerbone'/66055, l='ServerLevel[world]', x=986.70, y=151.01, z=3.62] died: Dinnerbone was slain by AronTR
[19Apr2025 01:04:03.804] [Server thread/INFO] [net.minecraft.world.entity.LivingEntity/]: Named entity Skeleton['Dinnerbone'/63137, l='ServerLevel[world]', x=998.17, y=151.01, z=-5.28] died: Dinnerbone was shot by Dinnerbone
[19Apr2025 01:04:40.304] [Server thread/INFO] [net.minecraft.world.entity.LivingEntity/]: Named entity Skeleton['Dinnerbone'/65691, l='ServerLevel[world]', x=988.56, y=151.01, z=-13.59] died: Dinnerbone was shot by Dinnerbone
[19Apr2025 01:05:41.050] [Server thread/INFO] [net.minecraft.world.entity.LivingEntity/]: Named entity Skeleton['Dinnerbone'/63688, l='ServerLevel[world]', x=990.77, y=151.01, z=-12.92] died: Dinnerbone was slain by Dinnerbone
[19Apr2025 01:05:43.852] [Server thread/INFO] [net.minecraft.world.entity.LivingEntity/]: Named entity Skeleton['Dinnerbone'/65729, l='ServerLevel[world]', x=998.12, y=151.01, z=-4.56] died: Dinnerbone was shot by Dinnerbone
[19Apr2025 01:06:08.605] [Server thread/INFO] [net.minecraft.world.entity.LivingEntity/]: Named entity Skeleton['Dinnerbone'/65026, l='ServerLevel[world]', x=1007.72, y=159.01, z=-28.63] died: Dinnerbone was shot by Dinnerbone
[19Apr2025 01:06:10.204] [Server thread/INFO] [net.minecraft.world.entity.LivingEntity/]: Named entity Skeleton['Dinnerbone'/65609, l='ServerLevel[world]', x=1002.11, y=159.01, z=-30.61] died: Dinnerbone was shot by Dinnerbone
[19Apr2025 01:06:10.402] [Server thread/INFO] [net.minecraft.world.entity.LivingEntity/]: Named entity Skeleton['Dinnerbone'/65529, l='ServerLevel[world]', x=1008.77, y=159.01, z=-25.48] died: Dinnerbone was slain by Dinnerbone
[19Apr2025 01:06:15.160] [Server thread/INFO] [net.minecraft.world.entity.LivingEntity/]: Named entity Skeleton['Dinnerbone'/63716, l='ServerLevel[world]', x=1004.67, y=159.01, z=-26.10] died: Dinnerbone was shot by Dinnerbone
[19Apr2025 01:06:16.355] [Server thread/INFO] [net.minecraft.world.entity.LivingEntity/]: Named entity Skeleton['Dinnerbone'/66400, l='ServerLevel[world]', x=1003.59, y=159.01, z=-30.21] died: Dinnerbone was shot by Dinnerbone
[19Apr2025 01:06:16.856] [Server thread/INFO] [net.minecraft.world.entity.LivingEntity/]: Named entity Skeleton['Dinnerbone'/66008, l='ServerLevel[world]', x=1002.64, y=159.01, z=-30.44] died: Dinnerbone was shot by Dinnerbone
[19Apr2025 01:06:17.454] [Server thread/INFO] [net.minecraft.world.entity.LivingEntity/]: Named entity Skeleton['Dinnerbone'/65625, l='ServerLevel[world]', x=1005.30, y=159.01, z=-31.22] died: Dinnerbone was shot by Dinnerbone
[19Apr2025 01:06:18.351] [Server thread/INFO] [net.minecraft.world.entity.LivingEntity/]: Named entity Skeleton['Dinnerbone'/65273, l='ServerLevel[world]', x=1003.59, y=159.01, z=-31.98] died: Dinnerbone was slain by Dinnerbone
[19Apr2025 01:06:20.201] [Server thread/INFO] [net.minecraft.world.entity.LivingEntity/]: Named entity Skeleton['Dinnerbone'/65375, l='ServerLevel[world]', x=1010.56, y=159.01, z=-32.63] died: Dinnerbone was slain by Dinnerbone
[19Apr2025 01:06:20.503] [Server thread/INFO] [net.minecraft.world.entity.LivingEntity/]: Named entity Skeleton['Dinnerbone'/66238, l='ServerLevel[world]', x=1006.96, y=159.01, z=-30.35] died: Dinnerbone was slain by Dinnerbone
[19Apr2025 01:06:21.304] [Server thread/INFO] [net.minecraft.world.entity.LivingEntity/]: Named entity Skeleton['Dinnerbone'/65465, l='ServerLevel[world]', x=1009.95, y=159.01, z=-29.99] died: Dinnerbone was shot by Dinnerbone
[19Apr2025 01:06:21.707] [Server thread/INFO] [net.minecraft.world.entity.LivingEntity/]: Named entity Skeleton['Dinnerbone'/65795, l='ServerLevel[world]', x=1006.48, y=159.01, z=-31.31] died: Dinnerbone was shot by Dinnerbone
[19Apr2025 01:06:22.608] [Server thread/INFO] [net.minecraft.world.entity.LivingEntity/]: Named entity Skeleton['Dinnerbone'/66114, l='ServerLevel[world]', x=999.52, y=159.01, z=-29.08] died: Dinnerbone was shot by Dinnerbone
[19Apr2025 01:06:23.108] [Server thread/INFO] [net.minecraft.world.entity.LivingEntity/]: Named entity Skeleton['Dinnerbone'/64901, l='ServerLevel[world]', x=1007.97, y=159.01, z=-23.27] died: Dinnerbone was shot by Dinnerbone
[19Apr2025 01:06:23.703] [Server thread/INFO] [net.minecraft.world.entity.LivingEntity/]: Named entity Skeleton['Dinnerbone'/65960, l='ServerLevel[world]', x=1004.77, y=159.01, z=-24.38] died: Dinnerbone was shot by Dinnerbone
[19Apr2025 01:06:24.406] [Server thread/INFO] [net.minecraft.world.entity.LivingEntity/]: Named entity Skeleton['Dinnerbone'/65542, l='ServerLevel[world]', x=1007.16, y=159.01, z=-29.32] died: Dinnerbone was shot by Dinnerbone
[19Apr2025 01:06:24.555] [Server thread/INFO] [net.minecraft.world.entity.LivingEntity/]: Named entity Skeleton['Dinnerbone'/65961, l='ServerLevel[world]', x=1004.74, y=159.01, z=-29.18] died: Dinnerbone was shot by Dinnerbone
[19Apr2025 01:06:24.703] [Server thread/INFO] [net.minecraft.world.entity.LivingEntity/]: Named entity Skeleton['Dinnerbone'/65804, l='ServerLevel[world]', x=1008.61, y=159.01, z=-26.26] died: Dinnerbone was shot by Dinnerbone
[19Apr2025 01:06:24.905] [Server thread/INFO] [net.minecraft.world.entity.LivingEntity/]: Named entity Skeleton['Dinnerbone'/66160, l='ServerLevel[world]', x=1008.12, y=159.01, z=-26.89] died: Dinnerbone was shot by Dinnerbone
[19Apr2025 01:06:26.304] [Server thread/INFO] [net.minecraft.world.entity.LivingEntity/]: Named entity Skeleton['Dinnerbone'/65637, l='ServerLevel[world]', x=1010.11, y=159.01, z=-24.09] died: Dinnerbone was slain by Dinnerbone
[19Apr2025 01:06:28.854] [Server thread/INFO] [net.minecraft.world.entity.LivingEntity/]: Named entity Skeleton['Dinnerbone'/65842, l='ServerLevel[world]', x=1002.04, y=159.01, z=-20.30] died: Dinnerbone was shot by Dinnerbone
[19Apr2025 01:06:29.349] [Server thread/INFO] [net.minecraft.world.entity.LivingEntity/]: Named entity Skeleton['Dinnerbone'/65788, l='ServerLevel[world]', x=1001.87, y=159.01, z=-21.94] died: Dinnerbone was slain by Dinnerbone
[19Apr2025 01:06:32.308] [Server thread/INFO] [net.minecraft.world.entity.LivingEntity/]: Named entity Skeleton['Dinnerbone'/65197, l='ServerLevel[world]', x=1001.70, y=159.01, z=-31.52] died: Dinnerbone was slain by Dinnerbone
[19Apr2025 01:06:33.122] [Server thread/INFO] [net.minecraft.world.entity.LivingEntity/]: Named entity Skeleton['Dinnerbone'/66322, l='ServerLevel[world]', x=1010.69, y=159.01, z=-22.22] died: Dinnerbone was shot by Dinnerbone
[19Apr2025 01:06:33.560] [Server thread/INFO] [net.minecraft.world.entity.LivingEntity/]: Named entity Skeleton['Dinnerbone'/66132, l='ServerLevel[world]', x=1006.33, y=159.01, z=-21.39] died: Dinnerbone was shot by Dinnerbone
[19Apr2025 01:06:33.783] [Server thread/INFO] [net.minecraft.world.entity.LivingEntity/]: Named entity Skeleton['Dinnerbone'/65890, l='ServerLevel[world]', x=1009.12, y=159.01, z=-30.51] died: Dinnerbone was shot by Dinnerbone
[19Apr2025 01:06:35.419] [Server thread/INFO] [net.minecraft.world.entity.LivingEntity/]: Named entity Skeleton['Dinnerbone'/64515, l='ServerLevel[world]', x=1008.86, y=159.01, z=-30.77] died: Dinnerbone was shot by Dinnerbone
[19Apr2025 01:06:36.205] [Server thread/INFO] [net.minecraft.world.entity.LivingEntity/]: Named entity Skeleton['Dinnerbone'/66112, l='ServerLevel[world]', x=1010.21, y=159.01, z=-22.48] died: Dinnerbone was slain by Dinnerbone
[19Apr2025 01:06:36.511] [Server thread/INFO] [net.minecraft.world.entity.LivingEntity/]: Named entity Skeleton['Dinnerbone'/65272, l='ServerLevel[world]', x=999.96, y=159.01, z=-30.28] died: Dinnerbone was slain by Dinnerbone
[19Apr2025 01:06:38.111] [Server thread/INFO] [net.minecraft.world.entity.LivingEntity/]: Named entity Skeleton['Dinnerbone'/65789, l='ServerLevel[world]', x=1003.08, y=159.01, z=-26.14] died: Dinnerbone was shot by Dinnerbone
[19Apr2025 01:07:06.563] [Server thread/WARN] [net.minecraft.server.network.ServerGamePacketListenerImpl/]: AronTR moved wrongly!
[19Apr2025 01:09:54.610] [Server thread/INFO] [net.minecraft.world.entity.LivingEntity/]: Named entity Skeleton['Dinnerbone'/65567, l='ServerLevel[world]', x=1001.98, y=159.01, z=-22.76] died: Dinnerbone was shot by Dinnerbone
[19Apr2025 01:09:57.953] [Server thread/INFO] [net.minecraft.world.entity.LivingEntity/]: Named entity Skeleton['Dinnerbone'/65027, l='ServerLevel[world]', x=1004.63, y=159.01, z=-21.16] died: Dinnerbone was shot by Dinnerbone
[19Apr2025 01:09:58.153] [Server thread/INFO] [net.minecraft.world.entity.LivingEntity/]: Named entity Skeleton['Dinnerbone'/64994, l='ServerLevel[world]', x=1001.45, y=159.01, z=-23.46] died: Dinnerbone was shot by Dinnerbone
[19Apr2025 01:09:58.154] [Server thread/INFO] [net.minecraft.world.entity.LivingEntity/]: Named entity Skeleton['Dinnerbone'/64513, l='ServerLevel[world]', x=1001.88, y=159.01, z=-24.40] died: Dinnerbone was shot by Dinnerbone
[19Apr2025 01:10:01.107] [Server thread/INFO] [net.minecraft.world.entity.LivingEntity/]: Named entity Skeleton['Dinnerbone'/66009, l='ServerLevel[world]', x=1006.19, y=159.01, z=-26.11] died: Dinnerbone was shot by Dinnerbone
[19Apr2025 01:10:05.256] [Server thread/INFO] [net.minecraft.world.entity.LivingEntity/]: Named entity Skeleton['Dinnerbone'/65390, l='ServerLevel[world]', x=1008.24, y=159.01, z=-22.53] died: Dinnerbone was shot by Dinnerbone
[19Apr2025 01:10:07.053] [Server thread/INFO] [net.minecraft.world.entity.LivingEntity/]: Named entity Skeleton['Dinnerbone'/65767, l='ServerLevel[world]', x=1004.24, y=159.01, z=-28.68] died: Dinnerbone was shot by Dinnerbone
[19Apr2025 01:10:07.602] [Server thread/INFO] [net.minecraft.world.entity.LivingEntity/]: Named entity Skeleton['Dinnerbone'/66130, l='ServerLevel[world]', x=1010.56, y=159.01, z=-24.21] died: Dinnerbone was shot by Dinnerbone
[19Apr2025 01:10:08.207] [Server thread/INFO] [net.minecraft.world.entity.LivingEntity/]: Named entity Skeleton['Dinnerbone'/65374, l='ServerLevel[world]', x=1008.42, y=159.01, z=-23.97] died: Dinnerbone was shot by Dinnerbone
[19Apr2025 01:10:10.750] [Server thread/INFO] [net.minecraft.world.entity.LivingEntity/]: Named entity Skeleton['Dinnerbone'/65608, l='ServerLevel[world]', x=1011.70, y=159.01, z=-31.70] died: Dinnerbone was slain by Dinnerbone
[19Apr2025 01:10:19.702] [Server thread/INFO] [net.minecraft.world.entity.LivingEntity/]: Named entity Skeleton['Dinnerbone'/65981, l='ServerLevel[world]', x=1011.61, y=159.01, z=-28.37] died: Dinnerbone was shot by Dinnerbone
[19Apr2025 01:10:25.653] [Server thread/INFO] [net.minecraft.world.entity.LivingEntity/]: Named entity Skeleton['Dinnerbone'/65505, l='ServerLevel[world]', x=999.32, y=159.01, z=-27.71] died: Dinnerbone was shot by Dinnerbone
[19Apr2025 01:10:28.299] [Server thread/INFO] [net.minecraft.world.entity.LivingEntity/]: Named entity Skeleton['Dinnerbone'/65662, l='ServerLevel[world]', x=1002.22, y=159.01, z=-23.13] died: Dinnerbone was slain by Dinnerbone
[19Apr2025 01:10:28.551] [Server thread/INFO] [net.minecraft.world.entity.LivingEntity/]: Named entity Skeleton['Dinnerbone'/65892, l='ServerLevel[world]', x=1000.29, y=159.01, z=-27.93] died: Dinnerbone was slain by Dinnerbone
[19Apr2025 01:11:29.232] [Server thread/WARN] [net.minecraft.server.network.ServerGamePacketListenerImpl/]: DestroyMarce7 moved wrongly!
[19Apr2025 01:11:36.200] [Server thread/INFO] [net.minecraft.world.entity.LivingEntity/]: Named entity Skeleton['Dinnerbone'/65925, l='ServerLevel[world]', x=982.00, y=159.01, z=-18.67] died: Dinnerbone was slain by Dinnerbone
[19Apr2025 01:11:53.504] [Server thread/INFO] [net.minecraft.server.MinecraftServer/]: AronTR was slain by Wither Skeleton
[19Apr2025 01:11:53.508] [Server thread/INFO] [com.tiviacz.travelersbackpack.TravelersBackpack/]: Created new backpack backup file for AronTR with unique ID travelersbackpack.standard_19.04.2025-01.11.53.dat
[19Apr2025 01:11:53.513] [Server thread/INFO] [tombstone/]: The player AronTR has successfully been saved
[19Apr2025 01:14:06.701] [Server thread/INFO] [net.minecraft.world.entity.LivingEntity/]: Named entity Skeleton['Dinnerbone'/68131, l='ServerLevel[world]', x=1000.30, y=166.90, z=-18.53] died: Dinnerbone was slain by Dinnerbone
[19Apr2025 01:14:08.451] [Server thread/INFO] [net.minecraft.world.entity.LivingEntity/]: Named entity Skeleton['Dinnerbone'/68102, l='ServerLevel[world]', x=1001.31, y=167.01, z=-18.70] died: Dinnerbone was slain by Dinnerbone
[19Apr2025 01:14:08.946] [Server thread/INFO] [net.minecraft.world.entity.LivingEntity/]: Named entity Skeleton['Dinnerbone'/65690, l='ServerLevel[world]', x=992.14, y=151.01, z=-19.17] died: Dinnerbone was slain by Dinnerbone
[19Apr2025 01:14:10.399] [Server thread/INFO] [net.minecraft.world.entity.LivingEntity/]: Named entity Skeleton['Dinnerbone'/65146, l='ServerLevel[world]', x=999.30, y=159.01, z=-21.35] died: Dinnerbone was slain by Dinnerbone
[19Apr2025 01:14:13.149] [Server thread/INFO] [net.minecraft.world.entity.LivingEntity/]: Named entity Skeleton['Dinnerbone'/66328, l='ServerLevel[world]', x=986.70, y=159.01, z=-15.05] died: Dinnerbone was slain by Dinnerbone
[19Apr2025 01:14:14.402] [Server thread/WARN] [net.minecraft.server.network.ServerGamePacketListenerImpl/]: AronTR moved wrongly!
[19Apr2025 01:15:45.003] [Server thread/INFO] [net.minecraft.server.MinecraftServer/]: AronTR withered away whilst fighting Wither Skeleton
[19Apr2025 01:15:45.007] [Server thread/INFO] [com.tiviacz.travelersbackpack.TravelersBackpack/]: Created new backpack backup file for AronTR with unique ID travelersbackpack.standard_19.04.2025-01.15.45.dat
[19Apr2025 01:15:45.009] [Server thread/INFO] [tombstone/]: The player AronTR has successfully been saved
[19Apr2025 01:18:54.148] [Server thread/INFO] [net.minecraft.server.MinecraftServer/]: AronTR has reached the goal [Great minds think alike]
[19Apr2025 01:19:43.448] [Server thread/INFO] [net.minecraft.server.network.ServerGamePacketListenerImpl/]: DestroyMarce7 lost connection: Disconnected
[19Apr2025 01:19:43.448] [Server thread/INFO] [net.minecraft.server.MinecraftServer/]: DestroyMarce7 left the game
[19Apr2025 01:20:48.614] [Server thread/INFO] [net.minecraft.server.players.PlayerList/]: DestroyMarce7[/127.110.79.149:60633] logged in with entity id 70022 at (962.9929052702269, 103.27646269260818, 18.334780101124984)
[19Apr2025 01:20:48.640] [Server thread/INFO] [net.minecraft.server.MinecraftServer/]: DestroyMarce7 joined the game
[19Apr2025 01:20:48.732] [Server thread/INFO] [net.minecraft.server.MinecraftServer/]: Thank you for playing with ---Arthys' RPG Armory---. You may be playing on an outdated mod so be sure to check for updates regularly on Curseforge and Modrinth [This message can be disabled via gamerule displayUpdateText] .
[19Apr2025 01:31:25.598] [Server thread/INFO] [net.minecraft.server.MinecraftServer/]: DestroyMarce7 has made the advancement [Gravedigger]
[19Apr2025 01:40:21.071] [Server thread/INFO] [net.minecraft.server.MinecraftServer/]: DestroyMarce7 has made the advancement [Black or White]
[19Apr2025 01:41:14.276] [Server thread/INFO] [net.minecraft.server.MinecraftServer/]: DestroyMarce7 has reached the goal [A Small Cemetery]
